<?xml version="1.0" encoding="UTF-8"?>
<!-- Generated by org.testng.reporters.JUnitReportReporter -->
<testsuite hostname="DESKTOP-CO1JOQ6" failures="0" tests="7" name="Tests" time="349.194" errors="0" timestamp="2023-03-17T15:23:06 GST" skipped="0">
  <testcase classname="Tests" name="A_SignUp" time="14.995"/>
  <system-out/>
  <testcase classname="Tests" name="B_RandSearch" time="13.557"/>
  <system-out/>
  <testcase classname="Tests" name="C_AddItems" time="51.894"/>
  <system-out/>
  <testcase classname="Tests" name="D_CheckOut" time="32.879"/>
  <system-out/>
  <testcase classname="Tests" name="E_Placeorder" time="17.070"/>
  <system-out/>
  <testcase classname="Tests" name="F_ReOrder" time="207.731"/>
  <system-out/>
  <testcase classname="Tests" name="G_AssertPrices" time="11.068"/>
  <system-out/>
</testsuite> <!-- Tests -->
